1734958771756:hello
1734958780841:good bye
1734958784747:goodbye
1734958787065:q
1734958788737:exit
1734959014779:hello
1734959022077:exit
1734959067365:createAccount
1734959080981:Say Hello
1734959085383:exit
1734959421393:createAccount --accountHolderName Shantonav --currency EUR
1734959427576:createAccount
1734959492573:createAccount --accountHolder Shantonav --currency EUR
1734959499195:history
1734959515743:createAccount --accountHolderName Shantonav --currency EUR
1734960242466:history
1734960255216:createAccount --accountHolder Suchismita --currency EUR
1734960265013:createAccount --accountHolderName Shantonav --currency EUR
1734960278819:createAccount --accountHolderName Suchismita --currency EUR
1734960800528:createAccount --accountHolderName Shantonav --currency EUR
1734960814252:createAccount --accountHolderName Gijs --currency EUR
1734960824980:createAccount --accountHolderName Anatolli --currency EUR
1734960829786:exit
1734963511326:createAccount --accountHolderName Shantonav --currency EUR
1734963842197:createAccount --accountHolderName Anatolli --currency USD
